<?xml version="1.0" encoding="UTF-8"?>
<!-- Generated by org.testng.reporters.JUnitReportReporter -->
<testsuite hostname="DESKTOP-1NKAAU0" failures="0" tests="4" name="DAO.ThongKeDAOTest" time="0.563" errors="0" timestamp="2023-04-02T23:42:26 ICT" skipped="0">
  <testcase classname="DAO.ThongKeDAOTest" name="testGetBangDiem" time="0.492"/>
  <system-out/>
  <testcase classname="DAO.ThongKeDAOTest" name="testGetLuongNguoiHoc" time="0.023"/>
  <system-out/>
  <testcase classname="DAO.ThongKeDAOTest" name="testGetDiemChuyenDe" time="0.028"/>
  <system-out/>
  <testcase classname="DAO.ThongKeDAOTest" name="testGetDoanhThu" time="0.020"/>
  <system-out/>
</testsuite> <!-- DAO.ThongKeDAOTest -->
