<?xml version="1.0" encoding="UTF-8"?>
<!-- Generated by org.testng.reporters.JUnitReportReporter -->
<testsuite hostname="eat" failures="0" tests="5" name="DAO.ChuyenDeDAOTest" time="1.104" errors="0" timestamp="2023-04-03T10:56:36 ICT" skipped="0">
  <testcase classname="DAO.ChuyenDeDAOTest" name="testSelectAll" time="0.053"/>
  <system-out/>
  <testcase classname="DAO.ChuyenDeDAOTest" name="testDelete" time="0.856"/>
  <system-out/>
  <testcase classname="DAO.ChuyenDeDAOTest" name="testInsert" time="0.069"/>
  <system-out/>
  <testcase classname="DAO.ChuyenDeDAOTest" name="testUpdate" time="0.096"/>
  <system-out/>
  <testcase classname="DAO.ChuyenDeDAOTest" name="testSelectById" time="0.030"/>
  <system-out/>
</testsuite> <!-- DAO.ChuyenDeDAOTest -->
